<?xml version="1.0" encoding="UTF-8"?>
<!-- Generated by org.testng.reporters.JUnitXMLReporter -->
<testsuite ignored="0" hostname="LAPTOP-A735ORA1" failures="0" tests="7" name="Test" time="7.813" errors="0" timestamp="2026-04-07T16:54:36 IST">
  <testcase classname="com.api.tests.UserCreateDataDrivenTest" name="testCreateUserDataDriven" time="3.822"/>
  <testcase classname="com.api.tests.UserCreateDataDrivenTest" name="testCreateUserDataDriven" time="0.351"/>
  <testcase classname="com.api.tests.UserCreateDataDrivenTest" name="testCreateUserDataDriven" time="0.293"/>
  <testcase classname="com.api.tests.UserCRUDTest" name="testCreateUser" time="0.277"/>
  <testcase classname="com.api.tests.UserCRUDTest" name="testGetUser" time="0.255"/>
  <testcase classname="com.api.tests.UserCRUDTest" name="testUpdateUser" time="0.242"/>
  <testcase classname="com.api.tests.UserCRUDTest" name="testDeleteUser" time="0.445"/>
</testsuite> <!-- Test -->
