<?xml version="1.0" encoding="UTF-8"?>
<!-- Generated by org.testng.reporters.JUnitXMLReporter -->
<testsuite ignored="0" hostname="LAPTOP-A735ORA1" failures="0" tests="3" name="Default test" time="26.536" errors="0" timestamp="2026-01-06T09:41:30 IST">
  <testcase classname="com.api.tests.UserCreateDataDrivenTest" name="testCreateUserDataDriven" time="15.865"/>
  <testcase classname="com.api.tests.UserCreateDataDrivenTest" name="testCreateUserDataDriven" time="2.841"/>
  <testcase classname="com.api.tests.UserCreateDataDrivenTest" name="testCreateUserDataDriven" time="5.098"/>
</testsuite> <!-- Default test -->
