<?xml version="1.0" encoding="UTF-8"?>
<!-- Generated by org.testng.reporters.JUnitXMLReporter -->
<testsuite ignored="2" hostname="LAPTOP-A735ORA1" failures="0" tests="7" name="Test" time="20.909" errors="0" timestamp="2026-01-10T14:44:13 IST">
  <testcase classname="com.api.base.BaseTest" name="@BeforeMethod beforeMethod" time="0.005">
    <failure type="java.lang.NullPointerException" message="Cannot invoke &amp;quot;com.aventstack.extentreports.ExtentReports.createTest(String)&amp;quot; because &amp;quot;this.extent&amp;quot; is null">
      <![CDATA[java.lang.NullPointerException: Cannot invoke "com.aventstack.extentreports.ExtentReports.createTest(String)" because "this.extent" is null
at com.api.base.BaseTest.beforeMethod(BaseTest.java:34)
at java.base/java.util.ArrayList.forEach(ArrayList.java:1604)
... Removed 29 stack frames]]>
    </failure>
  </testcase> <!-- @BeforeMethod beforeMethod -->
  <testcase classname="com.api.base.BaseTest" name="@AfterMethod afterMethod" time="0.0">
    <skipped/>
  </testcase> <!-- @AfterMethod afterMethod -->
  <testcase classname="com.api.base.BaseTest" name="@BeforeMethod beforeMethod" time="0.0">
    <skipped/>
  </testcase> <!-- @BeforeMethod beforeMethod -->
  <testcase classname="com.api.base.BaseTest" name="@AfterMethod afterMethod" time="0.0">
    <skipped/>
  </testcase> <!-- @AfterMethod afterMethod -->
  <testcase classname="com.api.base.BaseTest" name="@BeforeMethod beforeMethod" time="0.0">
    <skipped/>
  </testcase> <!-- @BeforeMethod beforeMethod -->
  <testcase classname="com.api.base.BaseTest" name="@AfterMethod afterMethod" time="0.0">
    <skipped/>
  </testcase> <!-- @AfterMethod afterMethod -->
  <testcase classname="com.api.base.BaseTest" name="@BeforeMethod beforeMethod" time="0.0">
    <skipped/>
  </testcase> <!-- @BeforeMethod beforeMethod -->
  <testcase classname="com.api.base.BaseTest" name="@AfterMethod afterMethod" time="0.0">
    <skipped/>
  </testcase> <!-- @AfterMethod afterMethod -->
  <testcase classname="com.api.tests.UserCreateDataDrivenTest" name="testCreateUserDataDriven" time="6.193"/>
  <testcase classname="com.api.tests.UserCreateDataDrivenTest" name="testCreateUserDataDriven" time="6.913"/>
  <testcase classname="com.api.tests.UserCreateDataDrivenTest" name="testCreateUserDataDriven" time="6.184"/>
  <testcase classname="com.api.tests.UserCRUDTest" name="testCreateUser" time="0.0">
    <skipped/>
  </testcase> <!-- testCreateUser -->
  <testcase classname="com.api.tests.UserCRUDTest" name="testGetUser" time="0.0">
    <skipped/>
  </testcase> <!-- testGetUser -->
  <testcase classname="com.api.tests.UserCRUDTest" name="testUpdateUser" time="0.0">
    <skipped/>
  </testcase> <!-- testUpdateUser -->
  <testcase classname="com.api.tests.UserCRUDTest" name="testDeleteUser" time="0.0">
    <skipped/>
  </testcase> <!-- testDeleteUser -->
  <testcase classname="com.api.base.BaseTest" name="@AfterSuite tearDown" time="0.0">
    <ignored/>
  </testcase> <!-- @AfterSuite tearDown -->
  <testcase classname="com.api.base.BaseTest" name="@BeforeSuite setup" time="0.0">
    <ignored/>
  </testcase> <!-- @BeforeSuite setup -->
</testsuite> <!-- Test -->
