<?xml version="1.0" encoding="UTF-8"?>
<testng-results ignored="0" total="7" passed="7" failed="0" skipped="0">
  <reporter-output>
  </reporter-output>
  <suite started-at="2026-04-07T16:54:28 IST" name="Test Suite of User Module" finished-at="2026-04-07T16:54:36 IST" duration-ms="7813">
    <groups>
    </groups>
    <test started-at="2026-04-07T16:54:28 IST" name="Test" finished-at="2026-04-07T16:54:36 IST" duration-ms="7813">
      <class name="com.api.tests.UserCRUDTest">
        <test-method is-config="true" signature="beforeMethod(java.lang.reflect.Method)[pri:0, instance:com.api.tests.UserCRUDTest@48f278eb]" started-at="2026-04-07T16:54:34 IST" name="beforeMethod" finished-at="2026-04-07T16:54:34 IST" duration-ms="2" status="PASS">
          <params>
            <param index="0">
              <value>
                <![CDATA[public void com.api.tests.UserCRUDTest.testCreateUser() throws com.fasterxml.jackson.core.JsonProcessingException]]>
              </value>
            </param>
          </params>
          <reporter-output>
          </reporter-output>
        </test-method> <!-- beforeMethod -->
        <test-method signature="testCreateUser()[pri:1, instance:com.api.tests.UserCRUDTest@48f278eb]" started-at="2026-04-07T16:54:34 IST" name="testCreateUser" finished-at="2026-04-07T16:54:35 IST" duration-ms="277" status="PASS">
          <reporter-output>
          </reporter-output>
        </test-method> <!-- testCreateUser -->
        <test-method is-config="true" signature="afterMethod(org.testng.ITestResult)[pri:0, instance:com.api.tests.UserCRUDTest@48f278eb]" started-at="2026-04-07T16:54:35 IST" name="afterMethod" finished-at="2026-04-07T16:54:35 IST" duration-ms="1" status="PASS">
          <params>
            <param index="0">
              <value>
                <![CDATA[[TestResult name=testCreateUser status=SUCCESS method=UserCRUDTest.testCreateUser()[pri:1, instance:com.api.tests.UserCRUDTest@48f278eb] output={null}]]]>
              </value>
            </param>
          </params>
          <reporter-output>
          </reporter-output>
        </test-method> <!-- afterMethod -->
        <test-method signature="testGetUser()[pri:2, instance:com.api.tests.UserCRUDTest@48f278eb]" started-at="2026-04-07T16:54:35 IST" name="testGetUser" finished-at="2026-04-07T16:54:35 IST" duration-ms="255" status="PASS">
          <reporter-output>
          </reporter-output>
        </test-method> <!-- testGetUser -->
        <test-method is-config="true" signature="beforeMethod(java.lang.reflect.Method)[pri:0, instance:com.api.tests.UserCRUDTest@48f278eb]" started-at="2026-04-07T16:54:35 IST" name="beforeMethod" finished-at="2026-04-07T16:54:35 IST" duration-ms="0" status="PASS">
          <params>
            <param index="0">
              <value>
                <![CDATA[public void com.api.tests.UserCRUDTest.testGetUser()]]>
              </value>
            </param>
          </params>
          <reporter-output>
          </reporter-output>
        </test-method> <!-- beforeMethod -->
        <test-method is-config="true" signature="afterMethod(org.testng.ITestResult)[pri:0, instance:com.api.tests.UserCRUDTest@48f278eb]" started-at="2026-04-07T16:54:35 IST" name="afterMethod" finished-at="2026-04-07T16:54:35 IST" duration-ms="1" status="PASS">
          <params>
            <param index="0">
              <value>
                <![CDATA[[TestResult name=testGetUser status=SUCCESS method=UserCRUDTest.testGetUser()[pri:2, instance:com.api.tests.UserCRUDTest@48f278eb] output={null}]]]>
              </value>
            </param>
          </params>
          <reporter-output>
          </reporter-output>
        </test-method> <!-- afterMethod -->
        <test-method is-config="true" signature="beforeMethod(java.lang.reflect.Method)[pri:0, instance:com.api.tests.UserCRUDTest@48f278eb]" started-at="2026-04-07T16:54:35 IST" name="beforeMethod" finished-at="2026-04-07T16:54:35 IST" duration-ms="4" status="PASS">
          <params>
            <param index="0">
              <value>
                <![CDATA[public void com.api.tests.UserCRUDTest.testUpdateUser() throws com.fasterxml.jackson.core.JsonProcessingException]]>
              </value>
            </param>
          </params>
          <reporter-output>
          </reporter-output>
        </test-method> <!-- beforeMethod -->
        <test-method signature="testUpdateUser()[pri:3, instance:com.api.tests.UserCRUDTest@48f278eb]" started-at="2026-04-07T16:54:35 IST" name="testUpdateUser" finished-at="2026-04-07T16:54:35 IST" duration-ms="242" status="PASS">
          <reporter-output>
          </reporter-output>
        </test-method> <!-- testUpdateUser -->
        <test-method is-config="true" signature="afterMethod(org.testng.ITestResult)[pri:0, instance:com.api.tests.UserCRUDTest@48f278eb]" started-at="2026-04-07T16:54:35 IST" name="afterMethod" finished-at="2026-04-07T16:54:35 IST" duration-ms="1" status="PASS">
          <params>
            <param index="0">
              <value>
                <![CDATA[[TestResult name=testUpdateUser status=SUCCESS method=UserCRUDTest.testUpdateUser()[pri:3, instance:com.api.tests.UserCRUDTest@48f278eb] output={null}]]]>
              </value>
            </param>
          </params>
          <reporter-output>
          </reporter-output>
        </test-method> <!-- afterMethod -->
        <test-method is-config="true" signature="beforeMethod(java.lang.reflect.Method)[pri:0, instance:com.api.tests.UserCRUDTest@48f278eb]" started-at="2026-04-07T16:54:35 IST" name="beforeMethod" finished-at="2026-04-07T16:54:35 IST" duration-ms="1" status="PASS">
          <params>
            <param index="0">
              <value>
                <![CDATA[public void com.api.tests.UserCRUDTest.testDeleteUser()]]>
              </value>
            </param>
          </params>
          <reporter-output>
          </reporter-output>
        </test-method> <!-- beforeMethod -->
        <test-method signature="testDeleteUser()[pri:4, instance:com.api.tests.UserCRUDTest@48f278eb]" started-at="2026-04-07T16:54:35 IST" name="testDeleteUser" finished-at="2026-04-07T16:54:36 IST" duration-ms="445" status="PASS">
          <reporter-output>
          </reporter-output>
        </test-method> <!-- testDeleteUser -->
        <test-method is-config="true" signature="afterMethod(org.testng.ITestResult)[pri:0, instance:com.api.tests.UserCRUDTest@48f278eb]" started-at="2026-04-07T16:54:36 IST" name="afterMethod" finished-at="2026-04-07T16:54:36 IST" duration-ms="0" status="PASS">
          <params>
            <param index="0">
              <value>
                <![CDATA[[TestResult name=testDeleteUser status=SUCCESS method=UserCRUDTest.testDeleteUser()[pri:4, instance:com.api.tests.UserCRUDTest@48f278eb] output={null}]]]>
              </value>
            </param>
          </params>
          <reporter-output>
          </reporter-output>
        </test-method> <!-- afterMethod -->
      </class> <!-- com.api.tests.UserCRUDTest -->
      <class name="com.api.tests.UserCreateDataDrivenTest">
        <test-method is-config="true" signature="beforeMethod(java.lang.reflect.Method)[pri:0, instance:com.api.tests.UserCreateDataDrivenTest@3e84448c]" started-at="2026-04-07T16:54:30 IST" name="beforeMethod" finished-at="2026-04-07T16:54:30 IST" duration-ms="334" status="PASS">
          <params>
            <param index="0">
              <value>
                <![CDATA[public void com.api.tests.UserCreateDataDrivenTest.testCreateUserDataDriven(java.lang.String,java.lang.String,java.lang.String,java.lang.String) throws com.fasterxml.jackson.core.JsonProcessingException]]>
              </value>
            </param>
          </params>
          <reporter-output>
          </reporter-output>
        </test-method> <!-- beforeMethod -->
        <test-method signature="testCreateUserDataDriven(java.lang.String,java.lang.String,java.lang.String,java.lang.String)[pri:0, instance:com.api.tests.UserCreateDataDrivenTest@3e84448c]" started-at="2026-04-07T16:54:30 IST" name="testCreateUserDataDriven" data-provider="userData" finished-at="2026-04-07T16:54:34 IST" duration-ms="3822" status="PASS">
          <params>
            <param index="0">
              <value>
                <![CDATA[Jemmy Doe]]>
              </value>
            </param>
            <param index="1">
              <value>
                <![CDATA[jemmy.doe111@gmail.com]]>
              </value>
            </param>
            <param index="2">
              <value>
                <![CDATA[male]]>
              </value>
            </param>
            <param index="3">
              <value>
                <![CDATA[active]]>
              </value>
            </param>
          </params>
          <reporter-output>
          </reporter-output>
        </test-method> <!-- testCreateUserDataDriven -->
        <test-method is-config="true" signature="afterMethod(org.testng.ITestResult)[pri:0, instance:com.api.tests.UserCreateDataDrivenTest@3e84448c]" started-at="2026-04-07T16:54:34 IST" name="afterMethod" finished-at="2026-04-07T16:54:34 IST" duration-ms="4" status="PASS">
          <params>
            <param index="0">
              <value>
                <![CDATA[[TestResult name=testCreateUserDataDriven status=SUCCESS method=UserCreateDataDrivenTest.testCreateUserDataDriven(java.lang.String,java.lang.String,java.lang.String,java.lang.String)[pri:0, instance:com.api.tests.UserCreateDataDrivenTest@3e84448c] output={null}]]]>
              </value>
            </param>
          </params>
          <reporter-output>
          </reporter-output>
        </test-method> <!-- afterMethod -->
        <test-method is-config="true" signature="beforeMethod(java.lang.reflect.Method)[pri:0, instance:com.api.tests.UserCreateDataDrivenTest@3e84448c]" started-at="2026-04-07T16:54:34 IST" name="beforeMethod" finished-at="2026-04-07T16:54:34 IST" duration-ms="2" status="PASS">
          <params>
            <param index="0">
              <value>
                <![CDATA[public void com.api.tests.UserCreateDataDrivenTest.testCreateUserDataDriven(java.lang.String,java.lang.String,java.lang.String,java.lang.String) throws com.fasterxml.jackson.core.JsonProcessingException]]>
              </value>
            </param>
          </params>
          <reporter-output>
          </reporter-output>
        </test-method> <!-- beforeMethod -->
        <test-method signature="testCreateUserDataDriven(java.lang.String,java.lang.String,java.lang.String,java.lang.String)[pri:0, instance:com.api.tests.UserCreateDataDrivenTest@3e84448c]" started-at="2026-04-07T16:54:34 IST" name="testCreateUserDataDriven" data-provider="userData" finished-at="2026-04-07T16:54:34 IST" duration-ms="351" status="PASS">
          <params>
            <param index="0">
              <value>
                <![CDATA[Alisha Ray]]>
              </value>
            </param>
            <param index="1">
              <value>
                <![CDATA[alisha.ray111@gmail.com]]>
              </value>
            </param>
            <param index="2">
              <value>
                <![CDATA[female]]>
              </value>
            </param>
            <param index="3">
              <value>
                <![CDATA[active]]>
              </value>
            </param>
          </params>
          <reporter-output>
          </reporter-output>
        </test-method> <!-- testCreateUserDataDriven -->
        <test-method is-config="true" signature="afterMethod(org.testng.ITestResult)[pri:0, instance:com.api.tests.UserCreateDataDrivenTest@3e84448c]" started-at="2026-04-07T16:54:34 IST" name="afterMethod" finished-at="2026-04-07T16:54:34 IST" duration-ms="2" status="PASS">
          <params>
            <param index="0">
              <value>
                <![CDATA[[TestResult name=testCreateUserDataDriven status=SUCCESS method=UserCreateDataDrivenTest.testCreateUserDataDriven(java.lang.String,java.lang.String,java.lang.String,java.lang.String)[pri:0, instance:com.api.tests.UserCreateDataDrivenTest@3e84448c] output={null}]]]>
              </value>
            </param>
          </params>
          <reporter-output>
          </reporter-output>
        </test-method> <!-- afterMethod -->
        <test-method is-config="true" signature="beforeMethod(java.lang.reflect.Method)[pri:0, instance:com.api.tests.UserCreateDataDrivenTest@3e84448c]" started-at="2026-04-07T16:54:34 IST" name="beforeMethod" finished-at="2026-04-07T16:54:34 IST" duration-ms="1" status="PASS">
          <params>
            <param index="0">
              <value>
                <![CDATA[public void com.api.tests.UserCreateDataDrivenTest.testCreateUserDataDriven(java.lang.String,java.lang.String,java.lang.String,java.lang.String) throws com.fasterxml.jackson.core.JsonProcessingException]]>
              </value>
            </param>
          </params>
          <reporter-output>
          </reporter-output>
        </test-method> <!-- beforeMethod -->
        <test-method signature="testCreateUserDataDriven(java.lang.String,java.lang.String,java.lang.String,java.lang.String)[pri:0, instance:com.api.tests.UserCreateDataDrivenTest@3e84448c]" started-at="2026-04-07T16:54:34 IST" name="testCreateUserDataDriven" data-provider="userData" finished-at="2026-04-07T16:54:34 IST" duration-ms="293" status="PASS">
          <params>
            <param index="0">
              <value>
                <![CDATA[John Test]]>
              </value>
            </param>
            <param index="1">
              <value>
                <![CDATA[john.test111@gmail.com]]>
              </value>
            </param>
            <param index="2">
              <value>
                <![CDATA[male]]>
              </value>
            </param>
            <param index="3">
              <value>
                <![CDATA[inactive]]>
              </value>
            </param>
          </params>
          <reporter-output>
          </reporter-output>
        </test-method> <!-- testCreateUserDataDriven -->
        <test-method is-config="true" signature="afterMethod(org.testng.ITestResult)[pri:0, instance:com.api.tests.UserCreateDataDrivenTest@3e84448c]" started-at="2026-04-07T16:54:34 IST" name="afterMethod" finished-at="2026-04-07T16:54:34 IST" duration-ms="2" status="PASS">
          <params>
            <param index="0">
              <value>
                <![CDATA[[TestResult name=testCreateUserDataDriven status=SUCCESS method=UserCreateDataDrivenTest.testCreateUserDataDriven(java.lang.String,java.lang.String,java.lang.String,java.lang.String)[pri:0, instance:com.api.tests.UserCreateDataDrivenTest@3e84448c] output={null}]]]>
              </value>
            </param>
          </params>
          <reporter-output>
          </reporter-output>
        </test-method> <!-- afterMethod -->
      </class> <!-- com.api.tests.UserCreateDataDrivenTest -->
    </test> <!-- Test -->
  </suite> <!-- Test Suite of User Module -->
</testng-results>
