<?xml version="1.0" encoding="UTF-8"?>
<testsuite xmlns:xsi="http://www.w3.org/2001/XMLSchema-instance" xsi:noNamespaceSchemaLocation="https://maven.apache.org/surefire/maven-surefire-plugin/xsd/surefire-test-report.xsd" version="3.0.2" name="TestSuite" time="9.52" tests="7" errors="0" skipped="0" failures="0">
  <properties>
[...]
</properties>
  <testcase name="testCreateUserDataDriven[Jemmy Doe, jemmy.doe111@gmail.com, male, active](1)" classname="com.api.tests.UserCreateDataDrivenTest" time="3.822">
    <system-out><![CDATA[2026-04-07 16:54:30,391 [main] INFO  com.api.utils.Log - Starting test case testCreateUser 
2026-04-07 16:54:33,276 [main] INFO  com.api.utils.Log - Response of create user{
    "id": 8427849,
    "name": "Jemmy Doe",
    "email": "jemmy.doe111503@gmail.com",
    "gender": "male",
    "status": "active"
}
created user id8427849
2026-04-07 16:54:34,186 [main] INFO  com.api.utils.Log - Endning test case testCreateUser 
]]></system-out>
    <system-err><![CDATA[SLF4J(W): No SLF4J providers were found.
SLF4J(W): Defaulting to no-operation (NOP) logger implementation
SLF4J(W): See https://www.slf4j.org/codes.html#noProviders for further details.
2026-04-07T11:24:28.957836800Z main INFO Starting configuration XmlConfiguration[location=C:\Users\Parag Sankhe\eclipse-workspace\API_AUTOMATION_FRAMEWORK\target\classes\log4j2.xml, lastModified=2025-12-16T04:34:27.537Z]...
2026-04-07T11:24:28.959829700Z main INFO Configuration XmlConfiguration[location=C:\Users\Parag Sankhe\eclipse-workspace\API_AUTOMATION_FRAMEWORK\target\classes\log4j2.xml, lastModified=2025-12-16T04:34:27.537Z] started.
2026-04-07T11:24:28.962835500Z main INFO Stopping configuration org.apache.logging.log4j.core.config.DefaultConfiguration@3c9c0d96...
2026-04-07T11:24:28.963834500Z main INFO Configuration org.apache.logging.log4j.core.config.DefaultConfiguration@3c9c0d96 stopped.
]]></system-err>
  </testcase>
  <testcase name="testCreateUserDataDriven[Alisha Ray, alisha.ray111@gmail.com, female, active](2)" classname="com.api.tests.UserCreateDataDrivenTest" time="0.347">
    <system-out><![CDATA[2026-04-07 16:54:34,200 [main] INFO  com.api.utils.Log - Starting test case testCreateUser 
2026-04-07 16:54:34,480 [main] INFO  com.api.utils.Log - Response of create user{
    "id": 8427850,
    "name": "Alisha Ray",
    "email": "alisha.ray111843@gmail.com",
    "gender": "female",
    "status": "active"
}
created user id8427850
2026-04-07 16:54:34,550 [main] INFO  com.api.utils.Log - Endning test case testCreateUser 
]]></system-out>
  </testcase>
  <testcase name="testCreateUserDataDriven[John Test, john.test111@gmail.com, male, inactive](3)" classname="com.api.tests.UserCreateDataDrivenTest" time="0.294">
    <system-out><![CDATA[2026-04-07 16:54:34,555 [main] INFO  com.api.utils.Log - Starting test case testCreateUser 
2026-04-07 16:54:34,780 [main] INFO  com.api.utils.Log - Response of create user{
    "id": 8427851,
    "name": "John Test",
    "email": "john.test111126@gmail.com",
    "gender": "male",
    "status": "inactive"
}
created user id8427851
2026-04-07 16:54:34,848 [main] INFO  com.api.utils.Log - Endning test case testCreateUser 
]]></system-out>
  </testcase>
  <testcase name="testCreateUser" classname="com.api.tests.UserCRUDTest" time="0.28">
    <system-out><![CDATA[2026-04-07 16:54:34,859 [main] INFO  com.api.utils.Log - Starting test case testCreateUser 
2026-04-07 16:54:35,063 [main] INFO  com.api.utils.Log - Response of create user{
    "id": 8427852,
    "name": "Jack",
    "email": "jack542@gmail.com",
    "gender": "male",
    "status": "active"
}
created user id8427852
2026-04-07 16:54:35,134 [main] INFO  com.api.utils.Log - Endning test case testCreateUser 
]]></system-out>
  </testcase>
  <testcase name="testGetUser" classname="com.api.tests.UserCRUDTest" time="0.258">
    <system-out><![CDATA[2026-04-07 16:54:35,141 [main] INFO  com.api.utils.Log - Starting test case testGetUser 
2026-04-07 16:54:35,371 [main] INFO  com.api.utils.Log - Response of get user{
    "id": 8427852,
    "name": "Jack",
    "email": "jack542@gmail.com",
    "gender": "male",
    "status": "active"
}
2026-04-07 16:54:35,393 [main] INFO  com.api.utils.Log - Endning test case testGetUser 
]]></system-out>
  </testcase>
  <testcase name="testUpdateUser" classname="com.api.tests.UserCRUDTest" time="0.24">
    <system-out><![CDATA[Response of update user{
    "email": "jack542+updated@gmail.com",
    "name": "Jack",
    "gender": "male",
    "status": "inactive",
    "id": 8427852
}
]]></system-out>
  </testcase>
  <testcase name="testDeleteUser" classname="com.api.tests.UserCRUDTest" time="0.456">
    <system-out><![CDATA[Response of delete user for id 8427852
get user Response after deletion user{
    "message": "Resource not found"
}
]]></system-out>
  </testcase>
</testsuite>