<?xml version="1.0" encoding="UTF-8"?>
<!-- Generated by org.testng.reporters.JUnitXMLReporter -->
<testsuite ignored="0" hostname="LAPTOP-A735ORA1" failures="0" tests="7" name="Test" time="37.428" errors="0" timestamp="2026-01-10T16:43:31 IST">
  <testcase classname="com.api.tests.UserCreateDataDrivenTest" name="testCreateUserDataDriven" time="8.813"/>
  <testcase classname="com.api.tests.UserCreateDataDrivenTest" name="testCreateUserDataDriven" time="7.863"/>
  <testcase classname="com.api.tests.UserCreateDataDrivenTest" name="testCreateUserDataDriven" time="4.17"/>
  <testcase classname="com.api.tests.UserCRUDTest" name="testCreateUser" time="4.268"/>
  <testcase classname="com.api.tests.UserCRUDTest" name="testGetUser" time="2.925"/>
  <testcase classname="com.api.tests.UserCRUDTest" name="testUpdateUser" time="1.636"/>
  <testcase classname="com.api.tests.UserCRUDTest" name="testDeleteUser" time="5.249"/>
</testsuite> <!-- Test -->
