<?xml version="1.0" encoding="UTF-8"?>
<testng-results ignored="0" total="7" passed="7" failed="0" skipped="0">
  <reporter-output>
  </reporter-output>
  <suite started-at="2026-01-10T16:42:54 IST" name="Test Suite of User Module" finished-at="2026-01-10T16:43:31 IST" duration-ms="37428">
    <groups>
    </groups>
    <test started-at="2026-01-10T16:42:54 IST" name="Test" finished-at="2026-01-10T16:43:31 IST" duration-ms="37428">
      <class name="com.api.tests.UserCRUDTest">
        <test-method is-config="true" signature="setup()[pri:0, instance:com.api.tests.UserCRUDTest@54c5a2ff]" started-at="2026-01-10T16:43:17 IST" name="setup" finished-at="2026-01-10T16:43:17 IST" duration-ms="2" status="PASS">
          <reporter-output>
          </reporter-output>
        </test-method> <!-- setup -->
        <test-method is-config="true" signature="beforeMethod(java.lang.reflect.Method)[pri:0, instance:com.api.tests.UserCRUDTest@54c5a2ff]" started-at="2026-01-10T16:43:17 IST" name="beforeMethod" finished-at="2026-01-10T16:43:17 IST" duration-ms="1" status="PASS">
          <params>
            <param index="0">
              <value>
                <![CDATA[public void com.api.tests.UserCRUDTest.testCreateUser() throws com.fasterxml.jackson.core.JsonProcessingException]]>
              </value>
            </param>
          </params>
          <reporter-output>
          </reporter-output>
        </test-method> <!-- beforeMethod -->
        <test-method signature="testCreateUser()[pri:1, instance:com.api.tests.UserCRUDTest@54c5a2ff]" started-at="2026-01-10T16:43:17 IST" name="testCreateUser" finished-at="2026-01-10T16:43:21 IST" duration-ms="4268" status="PASS">
          <reporter-output>
          </reporter-output>
        </test-method> <!-- testCreateUser -->
        <test-method is-config="true" signature="afterMethod(org.testng.ITestResult)[pri:0, instance:com.api.tests.UserCRUDTest@54c5a2ff]" started-at="2026-01-10T16:43:21 IST" name="afterMethod" finished-at="2026-01-10T16:43:21 IST" duration-ms="1" status="PASS">
          <params>
            <param index="0">
              <value>
                <![CDATA[[TestResult name=testCreateUser status=SUCCESS method=UserCRUDTest.testCreateUser()[pri:1, instance:com.api.tests.UserCRUDTest@54c5a2ff] output={null}]]]>
              </value>
            </param>
          </params>
          <reporter-output>
          </reporter-output>
        </test-method> <!-- afterMethod -->
        <test-method is-config="true" signature="beforeMethod(java.lang.reflect.Method)[pri:0, instance:com.api.tests.UserCRUDTest@54c5a2ff]" started-at="2026-01-10T16:43:21 IST" name="beforeMethod" finished-at="2026-01-10T16:43:21 IST" duration-ms="1" status="PASS">
          <params>
            <param index="0">
              <value>
                <![CDATA[public void com.api.tests.UserCRUDTest.testGetUser()]]>
              </value>
            </param>
          </params>
          <reporter-output>
          </reporter-output>
        </test-method> <!-- beforeMethod -->
        <test-method signature="testGetUser()[pri:2, instance:com.api.tests.UserCRUDTest@54c5a2ff]" started-at="2026-01-10T16:43:21 IST" name="testGetUser" finished-at="2026-01-10T16:43:24 IST" duration-ms="2925" status="PASS">
          <reporter-output>
          </reporter-output>
        </test-method> <!-- testGetUser -->
        <test-method is-config="true" signature="afterMethod(org.testng.ITestResult)[pri:0, instance:com.api.tests.UserCRUDTest@54c5a2ff]" started-at="2026-01-10T16:43:24 IST" name="afterMethod" finished-at="2026-01-10T16:43:24 IST" duration-ms="1" status="PASS">
          <params>
            <param index="0">
              <value>
                <![CDATA[[TestResult name=testGetUser status=SUCCESS method=UserCRUDTest.testGetUser()[pri:2, instance:com.api.tests.UserCRUDTest@54c5a2ff] output={null}]]]>
              </value>
            </param>
          </params>
          <reporter-output>
          </reporter-output>
        </test-method> <!-- afterMethod -->
        <test-method is-config="true" signature="beforeMethod(java.lang.reflect.Method)[pri:0, instance:com.api.tests.UserCRUDTest@54c5a2ff]" started-at="2026-01-10T16:43:24 IST" name="beforeMethod" finished-at="2026-01-10T16:43:24 IST" duration-ms="4" status="PASS">
          <params>
            <param index="0">
              <value>
                <![CDATA[public void com.api.tests.UserCRUDTest.testUpdateUser() throws com.fasterxml.jackson.core.JsonProcessingException]]>
              </value>
            </param>
          </params>
          <reporter-output>
          </reporter-output>
        </test-method> <!-- beforeMethod -->
        <test-method signature="testUpdateUser()[pri:3, instance:com.api.tests.UserCRUDTest@54c5a2ff]" started-at="2026-01-10T16:43:24 IST" name="testUpdateUser" finished-at="2026-01-10T16:43:26 IST" duration-ms="1636" status="PASS">
          <reporter-output>
          </reporter-output>
        </test-method> <!-- testUpdateUser -->
        <test-method is-config="true" signature="afterMethod(org.testng.ITestResult)[pri:0, instance:com.api.tests.UserCRUDTest@54c5a2ff]" started-at="2026-01-10T16:43:26 IST" name="afterMethod" finished-at="2026-01-10T16:43:26 IST" duration-ms="3" status="PASS">
          <params>
            <param index="0">
              <value>
                <![CDATA[[TestResult name=testUpdateUser status=SUCCESS method=UserCRUDTest.testUpdateUser()[pri:3, instance:com.api.tests.UserCRUDTest@54c5a2ff] output={null}]]]>
              </value>
            </param>
          </params>
          <reporter-output>
          </reporter-output>
        </test-method> <!-- afterMethod -->
        <test-method is-config="true" signature="beforeMethod(java.lang.reflect.Method)[pri:0, instance:com.api.tests.UserCRUDTest@54c5a2ff]" started-at="2026-01-10T16:43:26 IST" name="beforeMethod" finished-at="2026-01-10T16:43:26 IST" duration-ms="2" status="PASS">
          <params>
            <param index="0">
              <value>
                <![CDATA[public void com.api.tests.UserCRUDTest.testDeleteUser()]]>
              </value>
            </param>
          </params>
          <reporter-output>
          </reporter-output>
        </test-method> <!-- beforeMethod -->
        <test-method signature="testDeleteUser()[pri:4, instance:com.api.tests.UserCRUDTest@54c5a2ff]" started-at="2026-01-10T16:43:26 IST" name="testDeleteUser" finished-at="2026-01-10T16:43:31 IST" duration-ms="5249" status="PASS">
          <reporter-output>
          </reporter-output>
        </test-method> <!-- testDeleteUser -->
        <test-method is-config="true" signature="afterMethod(org.testng.ITestResult)[pri:0, instance:com.api.tests.UserCRUDTest@54c5a2ff]" started-at="2026-01-10T16:43:31 IST" name="afterMethod" finished-at="2026-01-10T16:43:31 IST" duration-ms="0" status="PASS">
          <params>
            <param index="0">
              <value>
                <![CDATA[[TestResult name=testDeleteUser status=SUCCESS method=UserCRUDTest.testDeleteUser()[pri:4, instance:com.api.tests.UserCRUDTest@54c5a2ff] output={null}]]]>
              </value>
            </param>
          </params>
          <reporter-output>
          </reporter-output>
        </test-method> <!-- afterMethod -->
        <test-method is-config="true" signature="tearDown()[pri:0, instance:com.api.tests.UserCRUDTest@54c5a2ff]" started-at="2026-01-10T16:43:31 IST" name="tearDown" finished-at="2026-01-10T16:43:31 IST" duration-ms="122" status="PASS">
          <reporter-output>
          </reporter-output>
        </test-method> <!-- tearDown -->
      </class> <!-- com.api.tests.UserCRUDTest -->
      <class name="com.api.tests.UserCreateDataDrivenTest">
        <test-method is-config="true" signature="setup()[pri:0, instance:com.api.tests.UserCreateDataDrivenTest@740cae06]" started-at="2026-01-10T16:42:54 IST" name="setup" finished-at="2026-01-10T16:42:54 IST" duration-ms="260" status="PASS">
          <reporter-output>
          </reporter-output>
        </test-method> <!-- setup -->
        <test-method is-config="true" signature="beforeMethod(java.lang.reflect.Method)[pri:0, instance:com.api.tests.UserCreateDataDrivenTest@740cae06]" started-at="2026-01-10T16:42:56 IST" name="beforeMethod" finished-at="2026-01-10T16:42:56 IST" duration-ms="12" status="PASS">
          <params>
            <param index="0">
              <value>
                <![CDATA[public void com.api.tests.UserCreateDataDrivenTest.testCreateUserDataDriven(java.lang.String,java.lang.String,java.lang.String,java.lang.String) throws com.fasterxml.jackson.core.JsonProcessingException]]>
              </value>
            </param>
          </params>
          <reporter-output>
          </reporter-output>
        </test-method> <!-- beforeMethod -->
        <test-method signature="testCreateUserDataDriven(java.lang.String,java.lang.String,java.lang.String,java.lang.String)[pri:0, instance:com.api.tests.UserCreateDataDrivenTest@740cae06]" started-at="2026-01-10T16:42:56 IST" name="testCreateUserDataDriven" data-provider="userData" finished-at="2026-01-10T16:43:05 IST" duration-ms="8813" status="PASS">
          <params>
            <param index="0">
              <value>
                <![CDATA[Jemmy Doe]]>
              </value>
            </param>
            <param index="1">
              <value>
                <![CDATA[jemmy.doe111@gmail.com]]>
              </value>
            </param>
            <param index="2">
              <value>
                <![CDATA[male]]>
              </value>
            </param>
            <param index="3">
              <value>
                <![CDATA[active]]>
              </value>
            </param>
          </params>
          <reporter-output>
          </reporter-output>
        </test-method> <!-- testCreateUserDataDriven -->
        <test-method is-config="true" signature="afterMethod(org.testng.ITestResult)[pri:0, instance:com.api.tests.UserCreateDataDrivenTest@740cae06]" started-at="2026-01-10T16:43:05 IST" name="afterMethod" finished-at="2026-01-10T16:43:05 IST" duration-ms="2" status="PASS">
          <params>
            <param index="0">
              <value>
                <![CDATA[[TestResult name=testCreateUserDataDriven status=SUCCESS method=UserCreateDataDrivenTest.testCreateUserDataDriven(java.lang.String,java.lang.String,java.lang.String,java.lang.String)[pri:0, instance:com.api.tests.UserCreateDataDrivenTest@740cae06] output={null}]]]>
              </value>
            </param>
          </params>
          <reporter-output>
          </reporter-output>
        </test-method> <!-- afterMethod -->
        <test-method is-config="true" signature="beforeMethod(java.lang.reflect.Method)[pri:0, instance:com.api.tests.UserCreateDataDrivenTest@740cae06]" started-at="2026-01-10T16:43:05 IST" name="beforeMethod" finished-at="2026-01-10T16:43:05 IST" duration-ms="9" status="PASS">
          <params>
            <param index="0">
              <value>
                <![CDATA[public void com.api.tests.UserCreateDataDrivenTest.testCreateUserDataDriven(java.lang.String,java.lang.String,java.lang.String,java.lang.String) throws com.fasterxml.jackson.core.JsonProcessingException]]>
              </value>
            </param>
          </params>
          <reporter-output>
          </reporter-output>
        </test-method> <!-- beforeMethod -->
        <test-method signature="testCreateUserDataDriven(java.lang.String,java.lang.String,java.lang.String,java.lang.String)[pri:0, instance:com.api.tests.UserCreateDataDrivenTest@740cae06]" started-at="2026-01-10T16:43:05 IST" name="testCreateUserDataDriven" data-provider="userData" finished-at="2026-01-10T16:43:13 IST" duration-ms="7863" status="PASS">
          <params>
            <param index="0">
              <value>
                <![CDATA[Alisha Ray]]>
              </value>
            </param>
            <param index="1">
              <value>
                <![CDATA[alisha.ray111@gmail.com]]>
              </value>
            </param>
            <param index="2">
              <value>
                <![CDATA[female]]>
              </value>
            </param>
            <param index="3">
              <value>
                <![CDATA[active]]>
              </value>
            </param>
          </params>
          <reporter-output>
          </reporter-output>
        </test-method> <!-- testCreateUserDataDriven -->
        <test-method is-config="true" signature="afterMethod(org.testng.ITestResult)[pri:0, instance:com.api.tests.UserCreateDataDrivenTest@740cae06]" started-at="2026-01-10T16:43:13 IST" name="afterMethod" finished-at="2026-01-10T16:43:13 IST" duration-ms="1" status="PASS">
          <params>
            <param index="0">
              <value>
                <![CDATA[[TestResult name=testCreateUserDataDriven status=SUCCESS method=UserCreateDataDrivenTest.testCreateUserDataDriven(java.lang.String,java.lang.String,java.lang.String,java.lang.String)[pri:0, instance:com.api.tests.UserCreateDataDrivenTest@740cae06] output={null}]]]>
              </value>
            </param>
          </params>
          <reporter-output>
          </reporter-output>
        </test-method> <!-- afterMethod -->
        <test-method is-config="true" signature="beforeMethod(java.lang.reflect.Method)[pri:0, instance:com.api.tests.UserCreateDataDrivenTest@740cae06]" started-at="2026-01-10T16:43:13 IST" name="beforeMethod" finished-at="2026-01-10T16:43:13 IST" duration-ms="5" status="PASS">
          <params>
            <param index="0">
              <value>
                <![CDATA[public void com.api.tests.UserCreateDataDrivenTest.testCreateUserDataDriven(java.lang.String,java.lang.String,java.lang.String,java.lang.String) throws com.fasterxml.jackson.core.JsonProcessingException]]>
              </value>
            </param>
          </params>
          <reporter-output>
          </reporter-output>
        </test-method> <!-- beforeMethod -->
        <test-method signature="testCreateUserDataDriven(java.lang.String,java.lang.String,java.lang.String,java.lang.String)[pri:0, instance:com.api.tests.UserCreateDataDrivenTest@740cae06]" started-at="2026-01-10T16:43:13 IST" name="testCreateUserDataDriven" data-provider="userData" finished-at="2026-01-10T16:43:17 IST" duration-ms="4170" status="PASS">
          <params>
            <param index="0">
              <value>
                <![CDATA[John Test]]>
              </value>
            </param>
            <param index="1">
              <value>
                <![CDATA[john.test111@gmail.com]]>
              </value>
            </param>
            <param index="2">
              <value>
                <![CDATA[male]]>
              </value>
            </param>
            <param index="3">
              <value>
                <![CDATA[inactive]]>
              </value>
            </param>
          </params>
          <reporter-output>
          </reporter-output>
        </test-method> <!-- testCreateUserDataDriven -->
        <test-method is-config="true" signature="afterMethod(org.testng.ITestResult)[pri:0, instance:com.api.tests.UserCreateDataDrivenTest@740cae06]" started-at="2026-01-10T16:43:17 IST" name="afterMethod" finished-at="2026-01-10T16:43:17 IST" duration-ms="2" status="PASS">
          <params>
            <param index="0">
              <value>
                <![CDATA[[TestResult name=testCreateUserDataDriven status=SUCCESS method=UserCreateDataDrivenTest.testCreateUserDataDriven(java.lang.String,java.lang.String,java.lang.String,java.lang.String)[pri:0, instance:com.api.tests.UserCreateDataDrivenTest@740cae06] output={null}]]]>
              </value>
            </param>
          </params>
          <reporter-output>
          </reporter-output>
        </test-method> <!-- afterMethod -->
        <test-method is-config="true" signature="tearDown()[pri:0, instance:com.api.tests.UserCreateDataDrivenTest@740cae06]" started-at="2026-01-10T16:43:17 IST" name="tearDown" finished-at="2026-01-10T16:43:17 IST" duration-ms="435" status="PASS">
          <reporter-output>
          </reporter-output>
        </test-method> <!-- tearDown -->
      </class> <!-- com.api.tests.UserCreateDataDrivenTest -->
    </test> <!-- Test -->
  </suite> <!-- Test Suite of User Module -->
</testng-results>
