<?xml version="1.0" encoding="UTF-8"?>
<!-- Generated by org.testng.reporters.JUnitReportReporter -->
<testsuite hostname="LAPTOP-A735ORA1" failures="0" tests="3" name="com.api.tests.UserCRUDDataDrivenTest" time="41.368" errors="0" timestamp="2026-01-05T22:24:32 IST" skipped="0">
  <testcase classname="com.api.tests.UserCRUDDataDrivenTest" name="testMultipleUserCreation" time="12.037"/>
  <testcase classname="com.api.tests.UserCRUDDataDrivenTest" name="testMultipleUserCreation" time="16.110"/>
  <testcase classname="com.api.tests.UserCRUDDataDrivenTest" name="testMultipleUserCreation" time="13.221"/>
</testsuite> <!-- com.api.tests.UserCRUDDataDrivenTest -->
