<?xml version="1.0" encoding="UTF-8"?>
<!-- Generated by org.testng.reporters.JUnitReportReporter -->
<testsuite hostname="LAPTOP-A735ORA1" failures="0" tests="4" name="com.api.tests.UserCRUDTest" time="14.091" errors="0" timestamp="2026-01-10T16:43:32 IST" skipped="0">
  <testcase classname="com.api.tests.UserCRUDTest" name="testCreateUser" time="4.272"/>
  <testcase classname="com.api.tests.UserCRUDTest" name="testGetUser" time="2.930"/>
  <testcase classname="com.api.tests.UserCRUDTest" name="testUpdateUser" time="1.637"/>
  <testcase classname="com.api.tests.UserCRUDTest" name="testDeleteUser" time="5.252"/>
</testsuite> <!-- com.api.tests.UserCRUDTest -->
