<?xml version="1.0" encoding="UTF-8"?>
<!-- Generated by org.testng.reporters.JUnitReportReporter -->
<testsuite hostname="LAPTOP-A735ORA1" failures="0" tests="3" name="com.api.tests.UserCreateDataDrivenTest" time="20.877" errors="0" timestamp="2026-01-10T16:43:32 IST" skipped="0">
  <testcase classname="com.api.tests.UserCreateDataDrivenTest" name="testCreateUserDataDriven" time="8.824"/>
  <testcase classname="com.api.tests.UserCreateDataDrivenTest" name="testCreateUserDataDriven" time="4.183"/>
  <testcase classname="com.api.tests.UserCreateDataDrivenTest" name="testCreateUserDataDriven" time="7.870"/>
</testsuite> <!-- com.api.tests.UserCreateDataDrivenTest -->
