<?xml version="1.0" encoding="UTF-8"?>
<!-- Generated by org.testng.reporters.JUnitReportReporter -->
<testsuite hostname="LAPTOP-A735ORA1" failures="0" tests="4" name="com.api.tests.UserCRUDTest" time="1.229" errors="0" timestamp="2026-04-07T16:54:36 IST" skipped="0">
  <testcase classname="com.api.tests.UserCRUDTest" name="testCreateUser" time="0.282"/>
  <testcase classname="com.api.tests.UserCRUDTest" name="testGetUser" time="0.257"/>
  <testcase classname="com.api.tests.UserCRUDTest" name="testUpdateUser" time="0.243"/>
  <testcase classname="com.api.tests.UserCRUDTest" name="testDeleteUser" time="0.447"/>
</testsuite> <!-- com.api.tests.UserCRUDTest -->
