<?xml version="1.0" encoding="UTF-8"?>
<!-- Generated by org.testng.reporters.JUnitReportReporter -->
<testsuite hostname="LAPTOP-A735ORA1" failures="0" tests="3" name="com.api.tests.UserCreateDataDrivenTest" time="4.811" errors="0" timestamp="2026-04-07T16:54:36 IST" skipped="0">
  <testcase classname="com.api.tests.UserCreateDataDrivenTest" name="testCreateUserDataDriven" time="3.826"/>
  <testcase classname="com.api.tests.UserCreateDataDrivenTest" name="testCreateUserDataDriven" time="0.298"/>
  <testcase classname="com.api.tests.UserCreateDataDrivenTest" name="testCreateUserDataDriven" time="0.687"/>
</testsuite> <!-- com.api.tests.UserCreateDataDrivenTest -->
